Traceback (most recent call last):
  File ".\PM_demon.py", line 53, in <module>
    d.daemon()
NameError: name 'd' is not defined
Traceback (most recent call last):
  File ".\PM_demon.py", line 53, in <module>
    d.daemon()
NameError: name 'd' is not defined
  File ".\PM_demon.py", line 43
    if sys.argv[1] == "server" or sys.argv[1] == "debug":
                                                        ^
TabError: inconsistent use of tabs and spaces in indentation
  File ".\PM_demon.py", line 43
    if sys.argv[1] == "server" or sys.argv[1] == "debug":
                                                        ^
TabError: inconsistent use of tabs and spaces in indentation
3
3
3
3
Traceback (most recent call last):
  File ".\PM_demon.py", line 55, in <module>
    d.daemon()
  File ".\PM_demon.py", line 37, in daemon
    time.sleep(config.interval)
KeyboardInterrupt
Traceback (most recent call last):
  File ".\PM_demon.py", line 55, in <module>
    d.daemon()
NameError: name 'd' is not defined
Traceback (most recent call last):
  File ".\PM_demon.py", line 55, in <module>
    d.daemon()
NameError: name 'd' is not defined
['.\\PM_demon.py', '&']
Traceback (most recent call last):
  File ".\PM_demon.py", line 56, in <module>
    d.daemon()
NameError: name 'd' is not defined
Traceback (most recent call last):
  File ".\PM_demon.py", line 53, in <module>
    d.daemon()
NameError: name 'd' is not defined
Traceback (most recent call last):
  File ".\PM_demon.py", line 53, in <module>
    d.daemon()
NameError: name 'd' is not defined
Traceback (most recent call last):
  File ".\PM_demon.py", line 53, in <module>
    d.daemon()
NameError: name 'd' is not defined
Traceback (most recent call last):
  File ".\PM_demon.py", line 53, in <module>
    d.daemon()
NameError: name 'd' is not defined
3
3
3
3
3
3
3
3
3
3
3
3
3
Traceback (most recent call last):
  File ".\PM_demon.py", line 53, in <module>
    d.daemon()
  File ".\PM_demon.py", line 37, in daemon
    time.sleep(config.interval)
KeyboardInterrupt
3
3
3
3
3
3
3
3
3
3
3
3
Traceback (most recent call last):
  File ".\PM_demon.py", line 53, in <module>
    d.daemon()
  File ".\PM_demon.py", line 37, in daemon
    time.sleep(config.interval)
KeyboardInterrupt
